[2013-08-25 19:07:38] START
[2013-08-27 00:13:27] EDIT s3_ass1/models/db.py: 26
[2013-08-27 00:13:34] EDIT s3_ass1/models/db.py: -1
[2013-08-27 00:14:02] EDIT s3_ass1/models/db.py: 0
[2013-08-27 00:15:48] EDIT s3_ass1/models/db.py: 0
[2013-08-27 00:49:16] EDIT s3_ass1/models/db.py: 5
[2013-08-27 00:53:38] EDIT s3_ass1/models/db.py: 2
[2013-08-27 00:53:44] EDIT s3_ass1/models/db.py: 0
[2013-08-27 00:53:45] EDIT s3_ass1/models/db.py: 0
[2013-08-27 00:53:45] EDIT s3_ass1/models/db.py: 0
[2013-08-27 00:53:56] EDIT s3_ass1/models/db.py: 0
[2013-08-27 00:55:49] EDIT s3_ass1/controllers/default.py: 4
[2013-08-27 00:56:03] EDIT s3_ass1/controllers/default.py: 0
[2013-08-27 00:56:27] EDIT s3_ass1/controllers/default.py: 0
[2013-08-27 00:58:31] EDIT s3_ass1/controllers/default.py: 4
[2013-08-27 00:58:51] EDIT s3_ass1/controllers/default.py: 0
[2013-08-27 00:58:59] EDIT s3_ass1/controllers/default.py: 0
[2013-08-27 01:00:30] CREATE default/homepage.html: 0
[2013-08-27 01:01:11] CREATE default/userpost.html: 0
[2013-08-27 01:01:15] EDIT s3_ass1/views/default/userpost.html: 0
[2013-08-27 01:01:17] EDIT s3_ass1/views/default/userpost.html: 0
[2013-08-27 01:01:17] EDIT s3_ass1/views/default/userpost.html: 0
[2013-08-27 01:01:17] EDIT s3_ass1/views/default/userpost.html: 0
[2013-08-27 01:01:18] EDIT s3_ass1/views/default/userpost.html: 0
[2013-08-27 01:01:18] EDIT s3_ass1/views/default/userpost.html: 0
[2013-08-27 01:05:05] EDIT s3_ass1/views/default/homepage.html: 3
[2013-08-27 01:09:34] EDIT s3_ass1/controllers/default.py: 1
[2013-08-27 01:11:29] EDIT s3_ass1/controllers/default.py: 0
[2013-08-27 01:11:33] EDIT s3_ass1/models/db.py: 0
[2013-08-27 01:11:53] EDIT s3_ass1/views/default/homepage.html: 0
[2013-08-27 01:12:32] EDIT s3_ass1/views/default/homepage.html: 0
[2013-08-27 01:13:54] EDIT s3_ass1/models/db.py: 0
[2013-08-27 01:16:09] EDIT s3_ass1/controllers/default.py: 0
[2013-08-27 01:17:21] EDIT s3_ass1/views/default/homepage.html: 0
[2013-08-27 01:19:02] EDIT s3_ass1/controllers/default.py: 0
[2013-08-27 01:19:16] EDIT s3_ass1/controllers/default.py: 0
[2013-08-27 01:19:17] EDIT s3_ass1/controllers/default.py: 0
[2013-08-27 01:19:33] EDIT s3_ass1/controllers/default.py: 0
[2013-08-27 01:19:53] EDIT s3_ass1/controllers/default.py: 0
[2013-08-27 01:20:08] EDIT s3_ass1/controllers/default.py: 0
[2013-08-27 01:20:09] EDIT s3_ass1/controllers/default.py: 0
[2013-08-27 01:20:09] EDIT s3_ass1/controllers/default.py: 0
[2013-08-27 01:20:13] EDIT s3_ass1/controllers/default.py: 0
[2013-08-27 01:20:39] EDIT s3_ass1/views/default/homepage.html: 0
[2013-08-27 01:21:59] EDIT s3_ass1/views/default/homepage.html: 0
[2013-08-27 01:22:53] EDIT s3_ass1/views/default/homepage.html: -1
[2013-08-27 01:23:11] EDIT s3_ass1/views/default/homepage.html: 1
[2013-08-27 01:24:38] EDIT s3_ass1/models/db.py: 0
[2013-08-27 01:24:43] EDIT s3_ass1/controllers/default.py: 0
[2013-08-27 01:24:51] EDIT s3_ass1/views/default/homepage.html: 0
[2013-08-27 18:22:20] EDIT s3_ass1/views/default/userpost.html: 0
[2013-08-27 18:31:35] EDIT s3_ass1/models/db.py: 1
[2013-08-27 18:32:13] EDIT s3_ass1/views/default/userpost.html: -1
[2013-08-27 18:39:18] EDIT s3_ass1/controllers/default.py: 0
[2013-08-27 18:56:21] EDIT s3_ass1/models/db.py: 1
[2013-08-27 18:59:26] EDIT s3_ass1/models/db.py: 3
[2013-08-27 19:00:39] EDIT s3_ass1/controllers/default.py: 0
[2013-08-27 19:00:40] EDIT s3_ass1/controllers/default.py: 0
[2013-08-27 19:00:41] EDIT s3_ass1/controllers/default.py: 0
[2013-08-27 19:00:41] EDIT s3_ass1/controllers/default.py: 0
[2013-08-27 19:00:42] EDIT s3_ass1/controllers/default.py: 0
[2013-08-27 19:00:43] EDIT s3_ass1/controllers/default.py: 0
[2013-08-27 19:00:44] EDIT s3_ass1/controllers/default.py: 0
[2013-08-27 19:01:26] EDIT s3_ass1/controllers/default.py: 1
[2013-08-27 19:02:20] EDIT s3_ass1/models/db.py: -2
[2013-08-27 19:06:16] EDIT s3_ass1/controllers/default.py: 3
[2013-08-27 19:08:26] CREATE default/view1.html: 0
[2013-08-27 19:13:10] EDIT s3_ass1/controllers/default.py: 1
[2013-08-27 19:13:12] EDIT s3_ass1/controllers/default.py: 0
[2013-08-27 19:16:10] EDIT s3_ass1/views/default/view1.html: 0
[2013-08-27 19:17:02] EDIT s3_ass1/views/default/view1.html: 0
[2013-08-27 19:20:47] EDIT s3_ass1/controllers/default.py: 1
[2013-08-27 19:25:58] EDIT s3_ass1/views/default/view1.html: 2
[2013-08-27 19:29:43] EDIT s3_ass1/controllers/default.py: 0
[2013-08-27 19:31:06] EDIT s3_ass1/controllers/default.py: 0
[2013-08-27 19:31:46] EDIT s3_ass1/models/db.py: 2
[2013-08-27 19:31:56] EDIT s3_ass1/models/db.py: 0
[2013-08-27 19:32:00] EDIT s3_ass1/models/db.py: 0
[2013-08-27 19:32:00] EDIT s3_ass1/models/db.py: 0
[2013-08-27 19:32:08] EDIT s3_ass1/models/db.py: 0
[2013-08-27 19:34:08] EDIT s3_ass1/models/db.py: 0
[2013-08-27 19:34:10] EDIT s3_ass1/models/db.py: 0
[2013-08-27 19:34:17] EDIT s3_ass1/controllers/default.py: 0
[2013-08-27 19:37:14] EDIT s3_ass1/controllers/default.py: 0
[2013-08-27 19:37:40] EDIT s3_ass1/views/default/view1.html: -2
[2013-08-27 19:39:14] EDIT s3_ass1/views/default/view1.html: 0
[2013-08-27 19:39:53] EDIT s3_ass1/models/db.py: 0
[2013-08-27 19:40:21] EDIT s3_ass1/views/default/view1.html: 0
[2013-08-27 19:40:39] EDIT s3_ass1/controllers/default.py: 0
[2013-08-27 21:41:08] EDIT s3_ass1/views/default/index.html: 0
[2013-08-27 21:41:59] EDIT s3_ass1/views/default/index.html: 0
[2013-08-27 21:42:54] EDIT s3_ass1/views/default/index.html: 1
[2013-08-27 21:44:51] EDIT s3_ass1/views/default/index.html: 2
[2013-08-27 21:45:15] EDIT s3_ass1/views/default/index.html: 0
[2013-08-27 21:47:26] EDIT s3_ass1/views/default/index.html: 0
[2013-08-27 21:48:14] EDIT s3_ass1/views/default/index.html: 0
[2013-08-27 21:48:38] EDIT s3_ass1/views/default/index.html: 0
[2013-08-27 21:49:15] EDIT s3_ass1/views/default/index.html: 0
[2013-08-27 21:49:15] EDIT s3_ass1/views/default/index.html: 0
[2013-08-27 21:49:15] EDIT s3_ass1/views/default/index.html: 0
[2013-08-27 21:55:56] EDIT s3_ass1/controllers/default.py: 2
[2013-08-27 21:56:08] EDIT s3_ass1/controllers/default.py: 0
[2013-08-27 22:03:01] EDIT s3_ass1/models/db.py: 6
[2013-08-27 22:04:57] EDIT s3_ass1/controllers/default.py: 1
[2013-08-27 22:10:04] EDIT s3_ass1/controllers/default.py: 0
[2013-08-27 22:10:12] EDIT s3_ass1/controllers/default.py: -1
[2013-08-27 22:15:18] EDIT s3_ass1/views/default/user.html: 0
[2013-08-27 22:15:56] EDIT s3_ass1/controllers/default.py: 0
[2013-08-27 22:16:18] EDIT s3_ass1/controllers/default.py: 0
[2013-08-27 22:16:36] EDIT s3_ass1/controllers/default.py: 0
[2013-08-27 22:21:06] EDIT s3_ass1/controllers/default.py: 1
[2013-08-27 22:21:07] EDIT s3_ass1/controllers/default.py: 0
[2013-08-27 22:21:07] EDIT s3_ass1/controllers/default.py: 0
[2013-08-27 22:21:41] EDIT s3_ass1/views/default/homepage.html: 0
[2013-08-27 22:25:48] EDIT s3_ass1/controllers/default.py: 0
[2013-08-27 22:30:34] EDIT s3_ass1/controllers/default.py: 0
[2013-08-27 22:30:59] EDIT s3_ass1/views/default/homepage.html: 1
[2013-08-27 22:32:03] EDIT s3_ass1/views/default/homepage.html: 0
[2013-08-27 22:33:12] EDIT s3_ass1/controllers/default.py: -1
[2013-08-27 22:35:40] EDIT s3_ass1/views/default/homepage.html: 9
[2013-08-27 22:35:51] EDIT s3_ass1/views/default/homepage.html: 0
[2013-08-27 22:36:32] EDIT s3_ass1/views/default/homepage.html: 0
[2013-08-27 22:37:23] EDIT s3_ass1/views/default/homepage.html: 0
[2013-08-27 22:37:54] EDIT s3_ass1/views/default/homepage.html: 0
[2013-08-27 22:38:23] EDIT s3_ass1/views/default/homepage.html: 0
[2013-08-27 22:40:09] EDIT s3_ass1/views/default/homepage.html: 1
[2013-08-27 22:40:27] EDIT s3_ass1/views/default/homepage.html: -1
[2013-08-27 22:42:24] EDIT s3_ass1/views/default/homepage.html: 2
[2013-08-27 22:42:37] EDIT s3_ass1/views/default/homepage.html: 0
[2013-08-27 22:43:12] EDIT s3_ass1/controllers/default.py: 0
[2013-08-27 23:43:10] EDIT s3_ass1/controllers/default.py: 0
[2013-08-27 23:43:14] EDIT s3_ass1/views/default/homepage.html: 0
[2013-08-27 23:43:17] EDIT s3_ass1/models/db.py: 0
[2013-08-27 23:45:27] EDIT s3_ass1/controllers/default.py: 0
[2013-08-27 23:53:33] EDIT s3_ass1/views/default/homepage.html: -2
[2013-08-27 23:53:49] EDIT s3_ass1/views/default/homepage.html: 1
[2013-08-27 23:54:19] EDIT s3_ass1/views/default/homepage.html: 1
[2013-08-27 23:59:56] EDIT s3_ass1/views/default/homepage.html: 1
[2013-08-28 00:00:31] EDIT s3_ass1/views/default/homepage.html: 0
[2013-08-28 00:00:34] EDIT s3_ass1/views/default/homepage.html: 0
[2013-08-28 00:01:27] EDIT s3_ass1/views/default/homepage.html: -1
[2013-08-28 00:01:48] EDIT s3_ass1/views/default/homepage.html: 0
[2013-08-28 00:03:03] EDIT s3_ass1/models/db.py: 1
[2013-08-28 00:03:04] EDIT s3_ass1/models/db.py: 0
[2013-08-28 00:03:07] EDIT s3_ass1/models/db.py: 0
[2013-08-28 00:03:07] EDIT s3_ass1/models/db.py: 0
[2013-08-28 00:07:28] EDIT s3_ass1/models/db.py: 0
[2013-08-28 00:08:36] EDIT s3_ass1/views/default/homepage.html: 2
[2013-08-28 00:08:53] EDIT s3_ass1/views/default/homepage.html: 0
[2013-08-28 00:10:28] EDIT s3_ass1/controllers/default.py: 2
[2013-08-28 00:10:30] EDIT s3_ass1/controllers/default.py: 0
[2013-08-28 00:16:55] EDIT s3_ass1/views/default/homepage.html: 1
[2013-08-28 00:17:24] EDIT s3_ass1/views/default/homepage.html: 0
[2013-08-28 00:17:44] EDIT s3_ass1/views/default/homepage.html: 0
[2013-08-28 00:18:12] EDIT s3_ass1/views/default/homepage.html: 0
[2013-08-28 00:18:24] EDIT s3_ass1/views/default/homepage.html: 0
[2013-08-28 00:20:12] EDIT s3_ass1/views/default/homepage.html: 0
[2013-08-28 00:23:12] EDIT s3_ass1/views/default/homepage.html: 2
[2013-08-28 00:29:18] EDIT s3_ass1/controllers/default.py: 1
[2013-08-28 00:29:25] EDIT s3_ass1/models/db.py: 1
[2013-08-28 00:29:34] EDIT s3_ass1/models/db.py: 0
[2013-08-28 00:29:40] EDIT s3_ass1/models/db.py: 0
[2013-08-28 00:30:43] EDIT s3_ass1/views/default/homepage.html: 2
[2013-08-28 00:30:58] EDIT s3_ass1/views/default/homepage.html: 0
[2013-08-28 00:33:31] EDIT s3_ass1/views/default/homepage.html: 0
[2013-08-28 00:39:00] EDIT s3_ass1/views/default/homepage.html: 5
[2013-08-28 00:39:47] EDIT s3_ass1/views/default/homepage.html: 0
[2013-08-28 00:42:34] EDIT s3_ass1/models/db.py: 1
[2013-08-28 00:42:36] EDIT s3_ass1/models/db.py: 0
[2013-08-28 00:47:23] EDIT s3_ass1/models/db.py: 2
[2013-08-28 01:17:26] EDIT s3_ass1/views/default/homepage.html: 0
[2013-08-28 01:29:02] EDIT s3_ass1/views/default/homepage.html: 1
[2013-08-28 01:29:25] EDIT s3_ass1/views/default/homepage.html: 0
[2013-08-28 01:40:32] EDIT s3_ass1/models/db.py: 1
[2013-08-28 01:40:47] EDIT s3_ass1/models/db.py: 0
[2013-08-28 01:40:48] EDIT s3_ass1/models/db.py: 0
[2013-08-28 01:40:48] EDIT s3_ass1/models/db.py: 0
[2013-08-28 01:40:49] EDIT s3_ass1/models/db.py: 0
[2013-08-28 01:40:49] EDIT s3_ass1/models/db.py: 0
[2013-08-28 01:40:49] EDIT s3_ass1/models/db.py: 0
[2013-08-28 01:40:49] EDIT s3_ass1/models/db.py: 0
[2013-08-28 01:40:49] EDIT s3_ass1/models/db.py: 0
[2013-08-28 01:40:50] EDIT s3_ass1/models/db.py: 0
[2013-08-28 01:40:50] EDIT s3_ass1/models/db.py: 0
[2013-08-28 01:43:08] EDIT s3_ass1/controllers/default.py: 3
[2013-08-28 01:43:20] EDIT s3_ass1/views/default/homepage.html: 0
[2013-08-28 01:44:07] EDIT s3_ass1/models/db.py: -1
[2013-08-28 01:44:22] EDIT s3_ass1/controllers/default.py: 0
[2013-08-28 01:45:06] EDIT s3_ass1/views/default/homepage.html: 0
[2013-08-28 01:45:42] EDIT s3_ass1/views/default/homepage.html: 0
[2013-08-28 01:46:50] CREATE default/cment.html: 0
[2013-08-28 01:50:54] EDIT s3_ass1/views/default/homepage.html: 0
[2013-08-28 01:51:28] EDIT s3_ass1/controllers/default.py: 1
[2013-08-28 01:52:42] EDIT s3_ass1/views/default/cment.html: 14
[2013-08-28 01:58:20] EDIT s3_ass1/models/db.py: 1
[2013-08-28 01:58:47] EDIT s3_ass1/views/default/homepage.html: 0
[2013-08-28 01:59:15] EDIT s3_ass1/controllers/default.py: 2
[2013-08-28 02:01:45] EDIT s3_ass1/controllers/default.py: 0
[2013-08-28 02:23:55] EDIT s3_ass1/views/default/homepage.html: 0
[2013-08-28 02:23:58] EDIT s3_ass1/views/default/homepage.html: 0
[2013-08-28 02:23:59] EDIT s3_ass1/views/default/homepage.html: 0
[2013-08-28 02:24:33] EDIT s3_ass1/controllers/default.py: 0
[2013-08-28 02:27:39] EDIT s3_ass1/controllers/default.py: 1
[2013-08-28 02:27:41] EDIT s3_ass1/controllers/default.py: 0
[2013-08-28 02:32:03] EDIT s3_ass1/views/default/homepage.html: 0
[2013-08-28 02:35:54] EDIT s3_ass1/views/default/cment.html: 4
[2013-08-28 02:36:54] EDIT s3_ass1/views/default/homepage.html: 0
[2013-08-28 02:39:12] EDIT s3_ass1/views/default/homepage.html: 0
[2013-08-28 02:39:57] EDIT s3_ass1/controllers/default.py: 0
[2013-08-28 02:40:57] EDIT s3_ass1/views/default/cment.html: 0
[2013-08-28 02:41:37] EDIT s3_ass1/views/default/cment.html: 0
[2013-08-28 02:43:06] EDIT s3_ass1/views/default/cment.html: 0
[2013-08-28 02:43:27] EDIT s3_ass1/views/default/cment.html: 0
[2013-08-28 02:44:22] EDIT s3_ass1/views/default/cment.html: -5
[2013-08-28 02:45:55] EDIT s3_ass1/controllers/default.py: 2
[2013-08-28 02:46:10] EDIT s3_ass1/controllers/default.py: 0
[2013-08-28 02:46:51] EDIT s3_ass1/controllers/default.py: 0
[2013-08-28 02:48:25] EDIT s3_ass1/controllers/default.py: -1
[2013-08-28 02:50:33] EDIT s3_ass1/views/default/cment.html: 0
[2013-08-28 02:51:29] EDIT s3_ass1/views/default/cment.html: 1
[2013-08-28 02:51:33] EDIT s3_ass1/views/default/cment.html: 0
[2013-08-28 03:05:04] EDIT s3_ass1/views/default/cment.html: 0
[2013-08-28 03:06:26] EDIT s3_ass1/controllers/default.py: 1
[2013-08-28 03:06:29] EDIT s3_ass1/controllers/default.py: -1
[2013-08-28 03:29:20] EDIT s3_ass1/controllers/default.py: 6
[2013-08-28 03:29:52] EDIT s3_ass1/views/default/cment.html: 4
[2013-08-28 04:04:42] EDIT s3_ass1/views/default/cment.html: 0
[2013-08-28 04:04:47] EDIT s3_ass1/views/default/cment.html: 0
[2013-08-28 04:04:51] EDIT s3_ass1/controllers/default.py: 2
[2013-08-28 04:04:54] EDIT s3_ass1/models/db.py: 0
[2013-08-28 04:04:57] EDIT s3_ass1/views/default/cment.html: 0
[2013-08-28 04:05:03] EDIT s3_ass1/views/default/homepage.html: 0
[2013-08-28 04:06:41] EDIT s3_ass1/controllers/default.py: 0
[2013-08-28 04:07:13] EDIT s3_ass1/controllers/default.py: 0
[2013-08-28 04:11:23] EDIT s3_ass1/views/default/cment.html: 0
[2013-08-28 04:11:57] EDIT s3_ass1/controllers/default.py: 4
[2013-08-28 04:12:07] EDIT s3_ass1/controllers/default.py: 0
[2013-08-28 04:12:11] EDIT s3_ass1/controllers/default.py: 0
[2013-08-28 04:12:17] EDIT s3_ass1/controllers/default.py: 0
[2013-08-28 04:12:59] CREATE default/edit.html: 0
[2013-08-28 04:13:11] EDIT s3_ass1/views/default/edit.html: -1
[2013-08-28 04:15:51] EDIT s3_ass1/controllers/default.py: 1
[2013-08-28 04:16:58] EDIT s3_ass1/controllers/default.py: 0
[2013-08-28 04:17:36] EDIT s3_ass1/controllers/default.py: 0
[2013-08-28 04:18:11] EDIT s3_ass1/controllers/default.py: 0
[2013-08-28 04:19:01] EDIT s3_ass1/controllers/default.py: 0
[2013-08-28 04:24:11] EDIT s3_ass1/controllers/default.py: 0
[2013-08-28 04:24:24] EDIT s3_ass1/controllers/default.py: 0
[2013-08-28 04:25:23] EDIT s3_ass1/controllers/default.py: 0
[2013-08-28 04:26:23] EDIT s3_ass1/controllers/default.py: 0
[2013-08-28 04:26:47] EDIT s3_ass1/controllers/default.py: 0
[2013-08-28 04:27:40] EDIT s3_ass1/controllers/default.py: 0
[2013-08-28 04:27:42] EDIT s3_ass1/controllers/default.py: 0
[2013-08-28 04:27:44] EDIT s3_ass1/controllers/default.py: 0
[2013-08-28 04:28:16] EDIT s3_ass1/controllers/default.py: 0
[2013-08-28 04:34:27] EDIT s3_ass1/views/default/homepage.html: 2
[2013-08-28 04:35:02] EDIT s3_ass1/views/default/homepage.html: 0
[2013-08-28 04:35:23] EDIT s3_ass1/views/default/homepage.html: 0
[2013-08-28 04:38:28] EDIT s3_ass1/views/default/homepage.html: 0
[2013-08-28 04:38:35] EDIT s3_ass1/views/default/homepage.html: 0
[2013-08-28 04:38:46] EDIT s3_ass1/views/default/cment.html: 0
[2013-08-28 04:38:49] EDIT s3_ass1/controllers/default.py: 2
[2013-08-28 04:38:55] EDIT s3_ass1/controllers/default.py: -2
[2013-08-28 04:38:59] EDIT s3_ass1/models/db.py: 0
[2013-08-29 16:00:47] DELETE s3_ass1/views/default/view1.html: -3
[2013-08-29 16:05:07] EDIT s3_ass1/controllers/default.py: 0
[2013-08-29 16:10:17] EDIT s3_ass1/views/default/homepage.html: 4
[2013-08-29 16:12:24] EDIT s3_ass1/views/default/homepage.html: -1
[2013-08-29 16:14:06] EDIT s3_ass1/views/default/homepage.html: 5
[2013-08-29 16:14:09] EDIT s3_ass1/views/default/homepage.html: 0
[2013-08-29 16:14:18] EDIT s3_ass1/views/default/homepage.html: 0
[2013-08-29 16:18:59] EDIT s3_ass1/views/default/homepage.html: -4
[2013-08-29 16:21:23] EDIT s3_ass1/views/default/homepage.html: -4
[2013-08-29 16:27:15] EDIT s3_ass1/views/default/homepage.html: 5
[2013-08-29 16:27:58] EDIT s3_ass1/views/default/homepage.html: 0
[2013-08-29 16:38:08] EDIT s3_ass1/views/default/homepage.html: 5
[2013-08-29 16:39:57] EDIT s3_ass1/views/default/homepage.html: 0
[2013-08-29 16:41:15] EDIT s3_ass1/views/default/homepage.html: 1
[2013-08-29 16:43:44] EDIT s3_ass1/models/db.py: -1
[2013-08-29 16:43:50] EDIT s3_ass1/models/db.py: 0
[2013-08-29 16:49:32] EDIT s3_ass1/controllers/default.py: 1
[2013-08-29 16:49:40] EDIT s3_ass1/controllers/default.py: -1
[2013-08-29 16:49:51] EDIT s3_ass1/controllers/default.py: 0
[2013-08-29 16:51:42] EDIT s3_ass1/controllers/default.py: 2
[2013-08-29 16:52:36] EDIT s3_ass1/controllers/default.py: 0
[2013-08-29 16:55:01] EDIT s3_ass1/controllers/default.py: -1
[2013-08-29 16:59:36] EDIT s3_ass1/views/default/homepage.html: 17
[2013-08-29 17:00:28] EDIT s3_ass1/views/default/homepage.html: 0
[2013-08-29 17:01:19] EDIT s3_ass1/views/default/homepage.html: 0
[2013-08-29 17:02:41] EDIT s3_ass1/views/default/homepage.html: 1
[2013-08-29 17:02:56] EDIT s3_ass1/views/default/homepage.html: 0
[2013-08-29 17:04:39] EDIT s3_ass1/controllers/default.py: 4
[2013-08-29 17:04:41] EDIT s3_ass1/views/default/homepage.html: 0
[2013-08-29 17:05:48] EDIT s3_ass1/views/default/homepage.html: 0
[2013-08-29 17:06:23] EDIT s3_ass1/views/default/homepage.html: 0
[2013-08-29 17:06:42] EDIT s3_ass1/views/default/homepage.html: 0
[2013-08-29 17:07:30] EDIT s3_ass1/views/default/homepage.html: 1
[2013-08-29 17:07:45] EDIT s3_ass1/views/default/homepage.html: 0
[2013-08-29 17:10:51] EDIT s3_ass1/controllers/default.py: 5
[2013-08-29 17:11:43] CREATE default/admincat.html: 0
[2013-08-29 17:11:57] EDIT s3_ass1/views/default/admincat.html: -1
[2013-08-29 17:12:21] EDIT s3_ass1/views/default/admincat.html: 0
[2013-08-29 17:13:00] EDIT s3_ass1/models/db.py: 0
[2013-08-29 17:13:01] EDIT s3_ass1/models/db.py: 0
[2013-08-29 17:16:07] EDIT s3_ass1/models/db.py: 1
[2013-08-29 17:19:22] EDIT s3_ass1/views/default/admincat.html: 11
[2013-08-29 17:19:27] EDIT s3_ass1/views/default/admincat.html: 1
[2013-08-29 17:19:45] EDIT s3_ass1/views/default/admincat.html: 0
[2013-08-29 17:20:26] EDIT s3_ass1/controllers/default.py: 0
[2013-08-29 17:21:08] EDIT s3_ass1/views/default/admincat.html: 0
[2013-08-29 17:22:10] EDIT s3_ass1/controllers/default.py: 4
[2013-08-29 17:22:49] EDIT s3_ass1/controllers/default.py: 0
[2013-08-29 17:25:27] EDIT s3_ass1/views/default/homepage.html: 0
[2013-08-29 17:27:18] CREATE default/accounts.html: 0
[2013-08-29 17:27:56] EDIT s3_ass1/controllers/default.py: 4
[2013-08-29 17:28:05] EDIT s3_ass1/controllers/default.py: 1
[2013-08-29 17:28:55] EDIT s3_ass1/controllers/default.py: 2
[2013-08-29 17:32:57] EDIT s3_ass1/views/default/accounts.html: 6
[2013-08-29 17:33:46] EDIT s3_ass1/views/default/homepage.html: 0
[2013-08-29 17:34:31] EDIT s3_ass1/controllers/default.py: -1
[2013-08-29 17:35:41] EDIT s3_ass1/views/default/accounts.html: 2
[2013-08-29 17:37:09] EDIT s3_ass1/views/default/accounts.html: 3
[2013-08-29 17:44:19] EDIT s3_ass1/models/db.py: 0
[2013-08-29 17:51:21] EDIT s3_ass1/models/db.py: 0
[2013-08-29 17:51:38] EDIT s3_ass1/models/db.py: 0
[2013-08-29 17:51:51] EDIT s3_ass1/models/db.py: 0
[2013-08-29 17:54:16] EDIT s3_ass1/models/db.py: 1
[2013-08-29 17:54:17] EDIT s3_ass1/models/db.py: 0
[2013-08-29 17:54:17] EDIT s3_ass1/models/db.py: 0
[2013-08-29 17:54:17] EDIT s3_ass1/models/db.py: 0
[2013-08-29 17:54:17] EDIT s3_ass1/models/db.py: 0
[2013-08-29 17:54:17] EDIT s3_ass1/models/db.py: 0
[2013-08-29 17:54:42] EDIT s3_ass1/models/db.py: 0
[2013-08-29 17:56:53] EDIT s3_ass1/controllers/default.py: 0
[2013-08-29 17:58:56] EDIT s3_ass1/views/default/homepage.html: 0
[2013-08-29 17:59:10] EDIT s3_ass1/views/default/homepage.html: 0
[2013-08-29 17:59:11] EDIT s3_ass1/views/default/homepage.html: 0
[2013-08-29 17:59:31] EDIT s3_ass1/views/default/homepage.html: 0
[2013-08-29 17:59:42] EDIT s3_ass1/views/default/homepage.html: 0
[2013-08-29 17:59:45] EDIT s3_ass1/views/default/homepage.html: 0
[2013-08-29 18:00:49] EDIT s3_ass1/views/default/homepage.html: 0
[2013-08-29 18:00:50] EDIT s3_ass1/views/default/accounts.html: 0
[2013-08-29 18:00:59] EDIT s3_ass1/controllers/default.py: 0
[2013-08-29 18:01:01] EDIT s3_ass1/controllers/default.py: 0
[2013-08-29 18:01:05] EDIT s3_ass1/models/db.py: 0
[2013-08-29 18:09:52] CREATE default/choice.html: 0
[2013-08-29 18:10:06] EDIT s3_ass1/views/default/choice.html: -2
[2013-08-29 18:11:02] EDIT s3_ass1/views/default/choice.html: 7
[2013-08-29 18:13:36] EDIT s3_ass1/views/default/homepage.html: 2
[2013-08-29 18:13:56] EDIT s3_ass1/views/default/homepage.html: 0
[2013-08-29 18:14:00] EDIT s3_ass1/views/default/homepage.html: 0
[2013-08-29 18:14:00] EDIT s3_ass1/views/default/homepage.html: 0
[2013-08-29 18:14:08] EDIT s3_ass1/views/default/homepage.html: 0
[2013-08-29 18:15:37] EDIT s3_ass1/views/default/homepage.html: 0
[2013-08-29 18:17:39] EDIT s3_ass1/controllers/default.py: 2
[2013-08-29 18:17:45] EDIT s3_ass1/controllers/default.py: 0
[2013-08-29 18:19:01] EDIT s3_ass1/controllers/default.py: 0
[2013-08-29 18:19:03] EDIT s3_ass1/controllers/default.py: 0
[2013-08-29 18:21:31] EDIT s3_ass1/views/default/choice.html: 54
[2013-08-29 18:26:35] EDIT s3_ass1/views/default/homepage.html: 19
[2013-08-29 18:27:15] EDIT s3_ass1/views/default/homepage.html: -2
[2013-08-29 18:30:05] EDIT s3_ass1/views/default/homepage.html: 1
[2013-08-29 18:30:28] EDIT s3_ass1/views/default/homepage.html: 0
[2013-08-29 18:30:41] EDIT s3_ass1/views/default/homepage.html: 0
[2013-08-29 18:32:58] EDIT s3_ass1/controllers/default.py: 2
[2013-08-29 18:34:30] EDIT s3_ass1/views/default/homepage.html: 0
[2013-08-29 18:38:36] EDIT s3_ass1/views/default/homepage.html: 0
[2013-08-29 18:40:58] EDIT s3_ass1/controllers/default.py: 3
[2013-08-29 18:43:08] EDIT s3_ass1/controllers/default.py: 0
[2013-08-29 18:45:49] EDIT s3_ass1/views/default/homepage.html: 0
[2013-08-29 18:48:52] EDIT s3_ass1/views/default/choice.html: 19
[2013-08-29 18:49:36] EDIT s3_ass1/views/default/homepage.html: 0
[2013-08-29 18:50:27] EDIT s3_ass1/views/default/homepage.html: 0
[2013-08-29 18:51:18] EDIT s3_ass1/views/default/choice.html: -1
[2013-08-29 18:51:34] EDIT s3_ass1/views/default/homepage.html: 0
[2013-08-29 18:51:54] EDIT s3_ass1/views/default/homepage.html: 0
[2013-08-29 18:52:24] EDIT s3_ass1/views/default/homepage.html: 0
[2013-08-29 18:52:57] EDIT s3_ass1/views/default/homepage.html: 0
[2013-08-29 18:56:03] EDIT s3_ass1/views/default/choice.html: 1
[2013-08-29 18:56:51] EDIT s3_ass1/views/default/choice.html: 0
[2013-08-29 18:57:35] EDIT s3_ass1/views/default/choice.html: 0
[2013-08-29 18:58:08] EDIT s3_ass1/views/default/choice.html: 0
[2013-08-29 19:01:58] EDIT s3_ass1/views/default/choice.html: 8
[2013-08-29 19:04:04] EDIT s3_ass1/views/default/choice.html: 4
[2013-08-29 19:06:13] EDIT s3_ass1/views/default/choice.html: -8
[2013-08-29 19:08:05] EDIT s3_ass1/views/default/choice.html: -1
[2013-08-29 19:09:44] EDIT s3_ass1/views/default/choice.html: 0
[2013-08-29 19:11:52] EDIT s3_ass1/views/default/choice.html: -1
[2013-08-29 19:12:42] EDIT s3_ass1/views/default/homepage.html: 0
[2013-08-29 19:12:45] EDIT s3_ass1/controllers/default.py: 0
[2013-08-29 19:16:41] EDIT s3_ass1/models/db.py: 0
[2013-08-29 19:17:05] EDIT s3_ass1/controllers/default.py: 0
[2013-08-29 19:17:21] EDIT s3_ass1/views/default/homepage.html: -1
[2013-08-29 19:20:22] EDIT s3_ass1/views/default/homepage.html: 1
[2013-08-29 19:26:11] EDIT s3_ass1/views/default/cment.html: -1
[2013-08-29 19:26:23] EDIT s3_ass1/views/default/cment.html: 0
[2013-08-29 19:29:21] EDIT s3_ass1/views/default/choice.html: -6
[2013-08-29 19:30:11] EDIT s3_ass1/views/default/homepage.html: 1
[2013-08-29 19:30:12] EDIT s3_ass1/views/default/homepage.html: 0
[2013-08-29 19:31:15] EDIT s3_ass1/views/default/homepage.html: 0
[2013-08-29 19:33:05] DELETE s3_ass1/views/default/edit.html: -2
[2013-08-29 19:33:18] CREATE default/viewpost.html: 0
[2013-08-29 19:33:27] EDIT s3_ass1/views/default/viewpost.html: -2
[2013-08-29 19:33:42] EDIT s3_ass1/views/default/viewpost.html: 0
[2013-08-29 19:33:43] EDIT s3_ass1/views/default/viewpost.html: 0
[2013-08-29 19:33:43] EDIT s3_ass1/views/default/viewpost.html: 0
[2013-08-29 19:33:43] EDIT s3_ass1/views/default/viewpost.html: 0
[2013-08-29 19:33:44] EDIT s3_ass1/views/default/viewpost.html: 0
[2013-08-29 19:40:15] EDIT s3_ass1/views/default/viewpost.html: 13
[2013-08-29 19:43:41] EDIT s3_ass1/controllers/default.py: 0
[2013-08-29 19:45:25] EDIT s3_ass1/views/default/viewpost.html: 2
[2013-08-29 19:47:30] EDIT s3_ass1/controllers/default.py: 4
[2013-08-29 19:49:10] EDIT s3_ass1/views/default/viewpost.html: 3
[2013-08-29 19:49:59] EDIT s3_ass1/views/default/homepage.html: -4
[2013-08-29 19:51:34] EDIT s3_ass1/controllers/default.py: 2
[2013-08-29 19:52:34] EDIT s3_ass1/views/default/viewpost.html: 0
[2013-08-29 19:52:54] EDIT s3_ass1/views/default/viewpost.html: 0
[2013-08-29 19:54:25] CREATE default/usredtpst/html.html: 0
[2013-08-29 19:54:34] EDIT s3_ass1/views/default/usredtpst/html.html: -1
[2013-08-29 19:56:00] EDIT s3_ass1/controllers/default.py: 0
[2013-08-29 19:57:16] EDIT s3_ass1/views/default/homepage.html: 0
[2013-08-29 19:57:50] EDIT s3_ass1/views/default/choice.html: 0
[2013-08-29 19:58:06] EDIT s3_ass1/views/default/choice.html: 0
[2013-08-29 19:58:06] EDIT s3_ass1/views/default/choice.html: 0
[2013-08-29 19:58:33] EDIT s3_ass1/views/default/choice.html: 0
[2013-08-29 19:59:05] EDIT s3_ass1/views/default/choice.html: -4
[2013-08-29 20:00:55] EDIT s3_ass1/views/default/homepage.html: 0
[2013-08-29 20:04:43] EDIT s3_ass1/views/default/cment.html: 14
[2013-08-29 20:06:10] EDIT s3_ass1/views/default/homepage.html: 0
[2013-08-29 20:07:36] EDIT s3_ass1/controllers/default.py: -1
[2013-08-29 20:12:28] EDIT s3_ass1/views/default/homepage.html: 0
[2013-08-29 20:14:37] EDIT s3_ass1/views/default/homepage.html: 0
[2013-08-29 20:15:20] EDIT s3_ass1/views/default/choice.html: 0
[2013-08-29 20:15:52] EDIT s3_ass1/controllers/default.py: -2
[2013-08-29 20:17:17] EDIT s3_ass1/views/default/cment.html: 0
[2013-08-29 20:17:23] EDIT s3_ass1/views/default/choice.html: 0
[2013-08-29 20:17:26] EDIT s3_ass1/views/default/homepage.html: 0
[2013-08-29 20:17:29] EDIT s3_ass1/views/default/viewpost.html: 0
[2013-08-29 20:42:00] EDIT s3_ass1/models/db.py: 2
[2013-08-29 20:42:15] EDIT s3_ass1/models/db.py: 0
[2013-08-29 20:46:05] EDIT s3_ass1/views/default/choice.html: 0
[2013-08-29 20:46:41] EDIT s3_ass1/views/default/choice.html: 0
[2013-08-29 20:47:11] EDIT s3_ass1/views/default/choice.html: -4
[2013-08-29 20:48:02] EDIT s3_ass1/views/default/homepage.html: 0
[2013-08-29 20:52:30] EDIT s3_ass1/views/default/accounts.html: 1
[2013-08-29 20:52:56] EDIT s3_ass1/views/default/accounts.html: 0
[2013-08-29 20:53:44] EDIT s3_ass1/views/default/choice.html: 0
[2013-08-29 20:54:20] EDIT s3_ass1/views/default/index.html: 0
[2013-08-29 20:54:33] EDIT s3_ass1/views/default/index.html: 0
[2013-08-29 20:54:33] EDIT s3_ass1/views/default/index.html: 0
[2013-08-29 20:54:33] EDIT s3_ass1/views/default/index.html: 0
[2013-08-29 20:54:34] EDIT s3_ass1/views/default/index.html: 0
[2013-08-29 20:55:19] EDIT s3_ass1/views/default/index.html: 1
[2013-08-29 20:55:39] EDIT s3_ass1/views/default/index.html: -1
[2013-08-29 20:57:09] EDIT s3_ass1/views/default/index.html: 3
[2013-08-29 20:57:32] EDIT s3_ass1/views/default/index.html: 0
[2013-08-29 20:57:33] EDIT s3_ass1/views/default/index.html: 0
[2013-08-29 20:58:44] EDIT s3_ass1/views/default/index.html: 0
[2013-08-29 20:58:45] EDIT s3_ass1/views/default/index.html: 0
[2013-08-29 20:58:45] EDIT s3_ass1/views/default/index.html: 0
[2013-08-29 20:58:45] EDIT s3_ass1/views/default/index.html: 0
[2013-08-29 20:59:41] EDIT s3_ass1/views/default/index.html: -1
[2013-08-29 21:00:14] EDIT s3_ass1/views/default/index.html: 0
[2013-08-29 21:13:01] EDIT s3_ass1/views/default/homepage.html: 0
[2013-08-29 21:13:38] EDIT s3_ass1/views/default/homepage.html: 0
[2013-08-29 21:15:47] EDIT s3_ass1/views/default/homepage.html: 0
[2013-08-29 21:19:26] EDIT s3_ass1/views/default/homepage.html: 0
[2013-08-29 21:47:27] EDIT s3_ass1/controllers/default.py: 11
[2013-08-29 21:47:39] EDIT s3_ass1/controllers/default.py: 1
[2013-08-29 21:48:35] EDIT s3_ass1/views/default/homepage.html: 3
[2013-08-29 21:48:36] EDIT s3_ass1/views/default/homepage.html: 0
[2013-08-29 21:55:37] EDIT s3_ass1/views/default/homepage.html: 0
[2013-08-29 21:56:29] EDIT s3_ass1/views/default/homepage.html: 0
[2013-08-29 21:57:24] EDIT s3_ass1/views/default/homepage.html: 0
[2013-08-29 21:57:58] EDIT s3_ass1/views/default/homepage.html: 0
[2013-08-29 21:58:13] EDIT s3_ass1/views/default/homepage.html: 0
[2013-08-29 22:00:18] EDIT s3_ass1/views/default/homepage.html: 0
[2013-08-29 22:00:24] EDIT s3_ass1/views/default/homepage.html: 0
[2013-08-29 22:00:57] EDIT s3_ass1/views/default/homepage.html: 0
[2013-08-29 22:02:09] EDIT s3_ass1/views/default/homepage.html: 0
[2013-08-29 22:02:57] EDIT s3_ass1/views/default/homepage.html: 0
[2013-08-29 22:03:56] EDIT s3_ass1/views/default/homepage.html: 0
[2013-08-29 22:04:00] EDIT s3_ass1/views/default/homepage.html: 0
[2013-08-29 22:06:07] EDIT s3_ass1/views/default/homepage.html: 0
[2013-08-29 22:06:10] EDIT s3_ass1/views/default/homepage.html: 0
[2013-08-29 22:06:32] EDIT s3_ass1/views/default/homepage.html: 0
[2013-08-29 22:06:34] EDIT s3_ass1/views/default/homepage.html: 0
[2013-08-29 22:11:12] EDIT s3_ass1/views/default/homepage.html: 2
[2013-08-29 22:12:40] EDIT s3_ass1/views/default/homepage.html: 0
[2013-08-29 22:13:52] EDIT s3_ass1/views/default/homepage.html: 0
[2013-08-29 22:15:07] EDIT s3_ass1/views/default/homepage.html: 0
[2013-08-29 22:15:22] EDIT s3_ass1/controllers/default.py: 4
[2013-08-29 22:16:00] EDIT s3_ass1/views/default/homepage.html: 0
[2013-08-29 22:16:52] EDIT s3_ass1/views/default/homepage.html: 0
[2013-08-29 22:17:36] EDIT s3_ass1/views/default/homepage.html: 0
[2013-08-29 22:18:04] EDIT s3_ass1/views/default/homepage.html: 0
[2013-08-29 22:18:31] EDIT s3_ass1/views/default/homepage.html: 0
[2013-08-29 22:19:25] EDIT s3_ass1/views/default/homepage.html: 0
[2013-08-29 22:29:36] EDIT s3_ass1/views/default/homepage.html: 0
[2013-08-29 22:33:07] EDIT s3_ass1/controllers/default.py: 6
[2013-08-29 22:39:11] EDIT s3_ass1/controllers/default.py: 3
[2013-08-29 22:39:15] EDIT s3_ass1/controllers/default.py: 0
[2013-08-29 22:39:37] EDIT s3_ass1/views/default/homepage.html: 12
[2013-08-29 22:40:23] EDIT s3_ass1/views/default/homepage.html: -2
[2013-08-29 22:41:20] EDIT s3_ass1/views/default/homepage.html: 0
[2013-08-29 22:42:25] EDIT s3_ass1/controllers/default.py: 0
[2013-08-29 22:42:28] EDIT s3_ass1/views/default/homepage.html: 0
[2013-08-29 22:51:54] EDIT s3_ass1/views/default/homepage.html: 0
[2013-08-29 22:52:38] EDIT s3_ass1/views/default/homepage.html: 0
[2013-08-29 22:58:03] EDIT s3_ass1/views/default/homepage.html: 6
[2013-08-29 22:59:21] EDIT s3_ass1/views/default/homepage.html: 4
[2013-08-29 23:02:19] EDIT s3_ass1/models/db.py: -2
[2013-08-29 23:02:26] EDIT s3_ass1/views/default/homepage.html: 0
[2013-08-29 23:03:47] EDIT s3_ass1/views/default/homepage.html: 0
[2013-08-29 23:06:26] EDIT s3_ass1/views/default/homepage.html: 1
[2013-08-29 23:12:15] EDIT s3_ass1/views/default/homepage.html: -1
[2013-08-29 23:13:33] EDIT s3_ass1/controllers/default.py: 0
[2013-08-29 23:13:34] EDIT s3_ass1/controllers/default.py: 0
[2013-08-29 23:13:35] EDIT s3_ass1/controllers/default.py: 0
[2013-08-29 23:13:35] EDIT s3_ass1/controllers/default.py: 0
[2013-08-29 23:13:35] EDIT s3_ass1/controllers/default.py: 0
[2013-08-29 23:15:27] EDIT s3_ass1/controllers/default.py: 1
[2013-08-29 23:33:38] EDIT s3_ass1/controllers/default.py: 1
[2013-08-29 23:33:48] EDIT s3_ass1/controllers/default.py: 0
[2013-08-29 23:36:13] EDIT s3_ass1/controllers/default.py: 3
[2013-08-29 23:36:40] EDIT s3_ass1/controllers/default.py: 0
[2013-08-29 23:37:33] EDIT s3_ass1/controllers/default.py: -3
[2013-08-29 23:38:52] EDIT s3_ass1/controllers/default.py: 2
[2013-08-29 23:39:05] EDIT s3_ass1/controllers/default.py: 0
[2013-08-29 23:42:15] EDIT s3_ass1/controllers/default.py: 0
[2013-08-29 23:43:33] EDIT s3_ass1/controllers/default.py: 0
[2013-08-29 23:45:46] EDIT s3_ass1/controllers/default.py: 1
[2013-08-29 23:53:48] EDIT s3_ass1/controllers/default.py: 0
[2013-08-29 23:54:22] EDIT s3_ass1/controllers/default.py: 0
[2013-08-29 23:54:52] EDIT s3_ass1/controllers/default.py: 0
[2013-08-29 23:54:57] EDIT s3_ass1/controllers/default.py: 0
[2013-08-29 23:55:47] EDIT s3_ass1/controllers/default.py: 0
[2013-08-29 23:59:45] EDIT s3_ass1/views/default/homepage.html: 0
[2013-08-30 00:01:00] EDIT s3_ass1/controllers/default.py: -2
[2013-08-30 00:03:22] EDIT s3_ass1/views/default/homepage.html: 11
[2013-08-30 00:03:48] EDIT s3_ass1/views/default/homepage.html: 0
[2013-08-30 00:04:47] EDIT s3_ass1/views/default/homepage.html: 0
[2013-08-30 00:05:54] EDIT s3_ass1/views/default/homepage.html: -1
[2013-08-30 00:09:05] EDIT s3_ass1/views/default/homepage.html: 1
[2013-08-30 00:10:42] EDIT s3_ass1/views/default/homepage.html: 0
[2013-08-30 00:13:52] EDIT s3_ass1/views/default/homepage.html: 0
[2013-08-30 00:20:28] EDIT s3_ass1/views/default/homepage.html: -13
[2013-08-30 00:23:24] EDIT s3_ass1/views/default/homepage.html: 1
[2013-08-30 00:25:49] EDIT s3_ass1/views/default/homepage.html: -1
[2013-08-30 00:26:05] EDIT s3_ass1/views/default/homepage.html: -1
[2013-08-30 00:26:27] EDIT s3_ass1/views/default/homepage.html: 0
[2013-08-30 00:26:36] EDIT s3_ass1/models/db.py: 0
[2013-08-30 00:34:07] EDIT s3_ass1/views/default/homepage.html: 0
[2013-08-30 00:37:43] EDIT s3_ass1/views/default/homepage.html: 1
[2013-08-30 00:39:47] EDIT s3_ass1/views/default/homepage.html: -16
[2013-08-30 00:40:29] EDIT s3_ass1/views/default/homepage.html: 12
[2013-08-30 00:40:44] EDIT s3_ass1/views/default/homepage.html: 0
[2013-08-30 00:41:11] EDIT s3_ass1/views/default/homepage.html: -1
[2013-08-30 00:41:23] EDIT s3_ass1/views/default/homepage.html: 4
[2013-08-30 00:41:41] EDIT s3_ass1/views/default/homepage.html: 1
[2013-08-30 00:42:40] EDIT s3_ass1/views/default/homepage.html: 0
[2013-08-30 00:45:53] EDIT s3_ass1/views/default/homepage.html: 2
[2013-08-30 00:46:55] EDIT s3_ass1/views/default/homepage.html: 0
[2013-08-30 00:49:54] EDIT s3_ass1/views/default/homepage.html: -1
[2013-08-30 00:54:35] EDIT s3_ass1/controllers/default.py: 1
[2013-08-30 00:58:28] EDIT s3_ass1/views/default/homepage.html: 6
[2013-08-30 00:58:30] EDIT s3_ass1/views/default/homepage.html: 0
[2013-08-30 00:58:54] EDIT s3_ass1/views/default/homepage.html: 0
[2013-08-30 00:59:15] EDIT s3_ass1/views/default/homepage.html: 0
[2013-08-30 01:00:01] EDIT s3_ass1/views/default/homepage.html: 0
[2013-08-30 01:00:57] EDIT s3_ass1/views/default/homepage.html: 0
[2013-08-30 01:02:52] EDIT s3_ass1/views/default/homepage.html: 2
[2013-08-30 01:06:33] EDIT s3_ass1/views/default/homepage.html: 1
[2013-08-30 01:13:10] EDIT s3_ass1/views/default/choice.html: 46
[2013-08-30 01:13:43] EDIT s3_ass1/views/default/choice.html: 0
[2013-08-30 01:24:02] EDIT s3_ass1/views/default/homepage.html: 0
[2013-08-30 01:25:05] EDIT s3_ass1/views/default/homepage.html: 0
[2013-08-30 01:25:25] EDIT s3_ass1/views/default/homepage.html: 0
[2013-08-30 01:25:41] EDIT s3_ass1/views/default/homepage.html: 0
[2013-08-30 01:27:14] EDIT s3_ass1/views/default/homepage.html: 0
[2013-08-30 01:27:51] EDIT s3_ass1/views/default/homepage.html: 0
[2013-08-30 01:31:37] EDIT s3_ass1/views/default/choice.html: 0
[2013-08-30 01:32:54] EDIT s3_ass1/views/default/choice.html: -1
[2013-08-30 01:32:56] EDIT s3_ass1/views/default/choice.html: 0
[2013-08-30 01:33:39] EDIT s3_ass1/views/default/homepage.html: -1
[2013-08-30 01:37:47] EDIT s3_ass1/views/default/homepage.html: 0
[2013-08-30 01:37:57] EDIT s3_ass1/views/default/choice.html: 0
[2013-08-30 01:38:16] EDIT s3_ass1/views/default/choice.html: 0
[2013-08-30 01:38:19] EDIT s3_ass1/views/default/homepage.html: 0
[2013-08-30 01:39:59] EDIT s3_ass1/views/default/choice.html: 0
[2013-08-30 01:40:35] EDIT s3_ass1/views/default/homepage.html: 0
[2013-08-30 01:46:42] EDIT s3_ass1/views/default/choice.html: 8
[2013-08-30 01:47:24] EDIT s3_ass1/views/default/choice.html: 0
[2013-08-30 01:53:13] EDIT s3_ass1/views/default/choice.html: 9
[2013-08-30 01:53:27] EDIT s3_ass1/views/default/choice.html: 1
[2013-08-30 01:54:26] EDIT s3_ass1/views/default/choice.html: 1
[2013-08-30 01:55:18] EDIT s3_ass1/views/default/choice.html: -1
[2013-08-30 01:56:35] EDIT s3_ass1/views/default/choice.html: 1
[2013-08-30 01:59:17] EDIT s3_ass1/views/default/choice.html: 7
[2013-08-30 01:59:45] EDIT s3_ass1/views/default/choice.html: 0
[2013-08-30 02:00:02] EDIT s3_ass1/views/default/choice.html: 0
[2013-08-30 02:01:03] EDIT s3_ass1/views/default/choice.html: 0
[2013-08-30 02:03:37] EDIT s3_ass1/views/default/choice.html: 0
[2013-08-30 02:04:11] EDIT s3_ass1/views/default/choice.html: 0
[2013-08-30 02:04:16] EDIT s3_ass1/views/default/homepage.html: 0
[2013-08-30 02:04:18] EDIT s3_ass1/controllers/default.py: 0
[2013-08-30 02:04:53] EDIT s3_ass1/controllers/default.py: -1
[2013-08-30 02:05:00] EDIT s3_ass1/models/db.py: 0
[2013-08-30 02:06:39] DELETE s3_ass1/views/default/usredtpst/html.html: -2
[2013-08-30 02:07:13] CREATE default/usredtpst.html: 0
[2013-08-30 02:07:32] EDIT s3_ass1/views/default/usredtpst.html: -1
[2013-08-30 02:10:42] EDIT s3_ass1/views/default/choice.html: -26
[2013-08-30 02:10:42] EDIT s3_ass1/views/default/choice.html: 0
[2013-08-30 02:11:33] EDIT s3_ass1/views/default/choice.html: 0
[2013-08-30 02:17:33] EDIT s3_ass1/views/default/choice.html: 0
[2013-08-30 02:17:38] EDIT s3_ass1/controllers/default.py: 16
[2013-08-30 02:17:48] EDIT s3_ass1/controllers/default.py: 0
[2013-08-30 02:19:53] EDIT s3_ass1/controllers/default.py: 0
[2013-08-30 02:19:55] EDIT s3_ass1/controllers/default.py: 0
[2013-08-30 02:19:57] EDIT s3_ass1/views/default/choice.html: 0
[2013-08-30 02:33:03] EDIT s3_ass1/views/default/choice.html: 0
[2013-08-30 02:34:58] EDIT s3_ass1/views/default/choice.html: 1
[2013-08-30 02:35:34] EDIT s3_ass1/views/default/choice.html: 1
[2013-08-30 02:37:04] EDIT s3_ass1/views/default/choice.html: 0
[2013-08-30 02:37:10] EDIT s3_ass1/views/default/choice.html: 0
[2013-08-30 02:37:11] EDIT s3_ass1/views/default/choice.html: 0
[2013-08-30 02:38:07] EDIT s3_ass1/views/default/choice.html: 0
[2013-08-30 02:38:10] EDIT s3_ass1/views/default/choice.html: 0
[2013-08-30 02:38:42] EDIT s3_ass1/views/default/choice.html: 0
[2013-08-30 02:39:40] EDIT s3_ass1/views/default/choice.html: 0
[2013-08-30 02:40:18] EDIT s3_ass1/views/default/choice.html: 0
[2013-08-30 02:40:56] EDIT s3_ass1/views/default/choice.html: 0
[2013-08-30 02:41:37] EDIT s3_ass1/views/default/choice.html: 0
[2013-08-30 02:41:58] EDIT s3_ass1/views/default/choice.html: 0
[2013-08-30 02:48:58] EDIT s3_ass1/views/default/choice.html: 0
[2013-08-30 02:52:25] EDIT s3_ass1/views/default/choice.html: 0
[2013-08-30 02:54:00] EDIT s3_ass1/views/default/choice.html: 0
[2013-08-30 02:54:46] EDIT s3_ass1/views/default/choice.html: 0
[2013-08-30 02:54:58] EDIT s3_ass1/views/default/choice.html: 0
[2013-08-30 02:55:27] EDIT s3_ass1/views/default/choice.html: -9
[2013-08-30 02:56:21] EDIT s3_ass1/views/default/choice.html: 1
[2013-08-30 02:59:10] EDIT s3_ass1/views/default/choice.html: 0
[2013-08-30 03:00:39] EDIT s3_ass1/views/default/choice.html: 0
[2013-08-30 03:02:26] EDIT s3_ass1/views/default/choice.html: 0
[2013-08-30 03:03:40] EDIT s3_ass1/views/default/choice.html: 0
[2013-08-30 03:03:43] EDIT s3_ass1/views/default/homepage.html: 0
[2013-08-30 03:03:46] EDIT s3_ass1/views/default/homepage.html: 0
[2013-08-30 03:03:48] EDIT s3_ass1/controllers/default.py: 0
[2013-08-30 03:03:49] EDIT s3_ass1/models/db.py: 0
[2013-08-30 03:26:10] EDIT s3_ass1/views/default/choice.html: -1
[2013-08-30 03:26:33] EDIT s3_ass1/views/default/choice.html: 1
[2013-08-30 03:27:57] EDIT s3_ass1/views/default/choice.html: 0
[2013-08-30 03:34:14] EDIT s3_ass1/controllers/default.py: 20
[2013-08-30 03:36:32] EDIT s3_ass1/views/default/choice.html: 3
[2013-08-30 03:37:19] EDIT s3_ass1/views/default/choice.html: 0
[2013-08-30 03:38:36] EDIT s3_ass1/views/default/homepage.html: 0
[2013-08-30 03:39:01] EDIT s3_ass1/views/default/choice.html: -1
[2013-08-30 03:39:03] EDIT s3_ass1/views/default/choice.html: 0
[2013-08-30 03:39:03] EDIT s3_ass1/views/default/choice.html: 0
[2013-08-30 03:39:04] EDIT s3_ass1/views/default/choice.html: 0
[2013-08-30 03:41:45] EDIT s3_ass1/views/default/choice.html: 14
[2013-08-30 03:43:11] EDIT s3_ass1/views/default/choice.html: 0
[2013-08-30 03:43:56] EDIT s3_ass1/views/default/choice.html: 0
[2013-08-30 03:44:41] EDIT s3_ass1/views/default/choice.html: 0
[2013-08-30 03:59:20] EDIT s3_ass1/views/default/homepage.html: 4
[2013-08-30 04:01:01] EDIT s3_ass1/views/default/homepage.html: 4
[2013-08-30 04:03:40] EDIT s3_ass1/views/default/homepage.html: 0
[2013-08-30 04:05:58] EDIT s3_ass1/views/default/homepage.html: 1
[2013-08-30 04:19:23] EDIT s3_ass1/views/default/homepage.html: 0
[2013-08-30 04:20:22] EDIT s3_ass1/views/default/homepage.html: -1
[2013-08-30 04:23:57] EDIT s3_ass1/views/default/choice.html: 8
[2013-08-30 04:24:56] EDIT s3_ass1/views/default/homepage.html: 0
[2013-08-30 04:25:02] EDIT s3_ass1/views/default/homepage.html: 0
[2013-08-30 04:25:02] EDIT s3_ass1/views/default/homepage.html: 0
[2013-08-30 04:25:05] EDIT s3_ass1/views/default/homepage.html: 0
[2013-08-30 04:25:08] EDIT s3_ass1/views/default/choice.html: 0
[2013-08-30 04:25:08] EDIT s3_ass1/views/default/choice.html: 0
[2013-08-30 04:25:10] EDIT s3_ass1/controllers/default.py: 0
[2013-08-30 04:25:10] EDIT s3_ass1/controllers/default.py: 0
[2013-08-30 04:25:10] EDIT s3_ass1/controllers/default.py: 0
[2013-08-30 04:25:11] EDIT s3_ass1/controllers/default.py: 0
[2013-08-30 04:25:13] EDIT s3_ass1/models/db.py: 0
[2013-08-30 04:25:13] EDIT s3_ass1/models/db.py: 0
[2013-08-31 21:41:57] EDIT s3_ass1/views/default/homepage.html: 0
[2013-08-31 21:42:46] EDIT s3_ass1/views/default/homepage.html: 1
[2013-08-31 21:44:48] EDIT s3_ass1/views/default/homepage.html: 21
[2013-08-31 21:47:30] EDIT s3_ass1/views/default/homepage.html: 0
[2013-08-31 21:48:03] EDIT s3_ass1/views/default/homepage.html: -2
[2013-08-31 21:49:33] EDIT s3_ass1/views/default/homepage.html: 0
[2013-08-31 21:50:31] EDIT s3_ass1/views/default/choice.html: -3
[2013-08-31 21:50:37] EDIT s3_ass1/controllers/default.py: 0
[2013-08-31 23:15:36] EDIT s3_ass1/views/default/homepage.html: 0
[2013-08-31 23:42:36] EDIT s3_ass1/views/default/choice.html: 4
[2013-08-31 23:43:19] EDIT s3_ass1/views/default/choice.html: 0
[2013-08-31 23:43:45] EDIT s3_ass1/views/default/choice.html: 0
[2013-08-31 23:45:58] EDIT s3_ass1/views/default/choice.html: 0
[2013-08-31 23:48:36] EDIT s3_ass1/controllers/default.py: 0
[2013-08-31 23:48:58] EDIT s3_ass1/controllers/default.py: 0
[2013-08-31 23:49:52] EDIT s3_ass1/views/default/choice.html: 3
[2013-08-31 23:50:27] EDIT s3_ass1/views/default/choice.html: -3
[2013-08-31 23:50:52] EDIT s3_ass1/views/default/choice.html: -2
[2013-08-31 23:51:20] EDIT s3_ass1/views/default/choice.html: 0
[2013-08-31 23:54:45] EDIT s3_ass1/views/default/choice.html: 1
[2013-08-31 23:56:56] EDIT s3_ass1/views/default/choice.html: 0
[2013-08-31 23:57:20] EDIT s3_ass1/views/default/choice.html: 1
[2013-08-31 23:57:21] EDIT s3_ass1/views/default/choice.html: 0
[2013-08-31 23:57:25] EDIT s3_ass1/views/default/choice.html: 0
[2013-08-31 23:57:26] EDIT s3_ass1/views/default/choice.html: 0
[2013-08-31 23:58:53] EDIT s3_ass1/views/default/choice.html: 0
[2013-09-01 00:00:18] EDIT s3_ass1/views/default/choice.html: -1
[2013-09-01 00:00:32] EDIT s3_ass1/views/default/choice.html: 0
[2013-09-01 00:01:17] EDIT s3_ass1/views/default/choice.html: -1
[2013-09-01 00:04:28] EDIT s3_ass1/views/default/choice.html: 1
[2013-09-01 00:05:59] EDIT s3_ass1/views/default/choice.html: 1
[2013-09-01 00:06:43] EDIT s3_ass1/views/default/choice.html: 1
[2013-09-01 00:07:47] EDIT s3_ass1/views/default/choice.html: -2
[2013-09-01 00:09:55] EDIT s3_ass1/views/default/choice.html: 8
[2013-09-01 00:16:38] EDIT s3_ass1/models/menu.py: 0
[2013-09-01 00:17:25] EDIT s3_ass1/models/menu.py: 0
[2013-09-01 00:18:01] EDIT s3_ass1/models/menu.py: 0
[2013-09-01 00:18:39] EDIT s3_ass1/models/menu.py: -1
[2013-09-01 00:19:01] EDIT s3_ass1/models/menu.py: 0
[2013-09-01 00:21:25] EDIT s3_ass1/models/menu.py: 0
[2013-09-01 00:21:42] EDIT s3_ass1/models/menu.py: 0
[2013-09-01 00:26:53] EDIT s3_ass1/views/default/choice.html: 0
[2013-09-01 00:27:47] EDIT s3_ass1/views/default/choice.html: 0
[2013-09-01 00:29:14] EDIT s3_ass1/models/menu.py: 0
[2013-09-01 00:29:43] EDIT s3_ass1/models/menu.py: 0
[2013-09-01 00:29:57] EDIT s3_ass1/models/menu.py: -1
[2013-09-01 00:30:01] EDIT s3_ass1/models/menu.py: 0
[2013-09-01 00:30:56] EDIT s3_ass1/views/default/homepage.html: 0
[2013-09-01 00:32:17] EDIT s3_ass1/views/default/choice.html: 0
[2013-09-01 00:32:26] EDIT s3_ass1/views/default/homepage.html: 0
[2013-09-01 00:32:58] EDIT s3_ass1/views/default/homepage.html: 0
[2013-09-01 00:33:21] EDIT s3_ass1/views/default/homepage.html: 0
[2013-09-01 00:33:39] EDIT s3_ass1/views/default/homepage.html: 0
[2013-09-01 00:34:16] EDIT s3_ass1/views/default/homepage.html: 0
[2013-09-01 00:34:41] EDIT s3_ass1/views/default/choice.html: 0
[2013-09-01 00:36:50] EDIT s3_ass1/views/default/choice.html: 0
[2013-09-01 00:37:09] EDIT s3_ass1/views/default/choice.html: 0
[2013-09-01 00:37:35] EDIT s3_ass1/views/default/choice.html: 0
[2013-09-01 00:38:13] EDIT s3_ass1/views/default/homepage.html: 0
[2013-09-01 00:38:34] EDIT s3_ass1/views/default/homepage.html: 0
[2013-09-01 00:38:52] EDIT s3_ass1/views/default/homepage.html: 0
[2013-09-01 00:39:10] EDIT s3_ass1/views/default/homepage.html: 0
[2013-09-01 00:39:48] EDIT s3_ass1/views/default/cment.html: 0
[2013-09-01 00:40:04] EDIT s3_ass1/views/default/cment.html: 0
[2013-09-01 00:42:36] EDIT s3_ass1/views/default/cment.html: 0
[2013-09-01 00:44:50] EDIT s3_ass1/views/default/cment.html: 2
[2013-09-01 00:47:38] EDIT s3_ass1/views/default/cment.html: 0
[2013-09-01 00:48:59] EDIT s3_ass1/views/default/cment.html: 0
[2013-09-01 00:50:52] EDIT s3_ass1/views/default/cment.html: 0
[2013-09-01 00:51:17] EDIT s3_ass1/views/default/cment.html: 0
[2013-09-01 00:54:08] EDIT s3_ass1/views/default/cment.html: 15
[2013-09-01 00:55:01] EDIT s3_ass1/views/default/userpost.html: 15
[2013-09-01 00:55:39] EDIT s3_ass1/views/default/viewpost.html: 15
[2013-09-01 00:56:07] EDIT s3_ass1/views/default/usredtpst.html: 15
[2013-09-01 00:57:41] EDIT s3_ass1/views/default/viewpost.html: 1
[2013-09-01 00:59:09] EDIT s3_ass1/views/default/viewpost.html: 0
[2013-09-01 01:00:02] EDIT s3_ass1/views/default/homepage.html: -1
[2013-09-01 01:01:02] EDIT s3_ass1/views/default/choice.html: 0
[2013-09-01 01:02:25] EDIT s3_ass1/views/default/admincat.html: 15
[2013-09-01 01:04:31] EDIT s3_ass1/views/default/accounts.html: 15
[2013-09-01 01:08:07] EDIT s3_ass1/views/default/homepage.html: 1
[2013-09-01 01:11:12] EDIT s3_ass1/views/default/choice.html: 16
[2013-09-01 01:13:13] EDIT s3_ass1/views/default/choice.html: 0
[2013-09-01 01:14:20] EDIT s3_ass1/views/default/choice.html: 0
[2013-09-01 01:15:46] EDIT s3_ass1/views/default/choice.html: 0
[2013-09-01 01:15:55] EDIT s3_ass1/views/default/choice.html: 0
[2013-09-01 01:24:20] EDIT s3_ass1/views/default/homepage.html: 0
[2013-09-01 01:25:50] EDIT s3_ass1/views/default/choice.html: 0
[2013-09-01 01:25:54] EDIT s3_ass1/views/default/choice.html: 0
[2013-09-01 01:26:33] EDIT s3_ass1/views/default/choice.html: 4
[2013-09-01 01:47:15] EDIT s3_ass1/controllers/default.py: 1
[2013-09-01 01:50:58] EDIT s3_ass1/controllers/default.py: 3
[2013-09-01 01:51:10] EDIT s3_ass1/views/default/accounts.html: 0
[2013-09-01 01:56:22] EDIT s3_ass1/views/default/accounts.html: 0
[2013-09-01 01:59:38] EDIT s3_ass1/controllers/default.py: 0
[2013-09-01 02:07:08] EDIT s3_ass1/models/db.py: 0
[2013-09-01 02:09:46] EDIT s3_ass1/controllers/default.py: 0
[2013-09-01 02:10:41] EDIT s3_ass1/controllers/default.py: -1
[2013-09-01 02:15:02] EDIT s3_ass1/views/default/cment.html: 2
[2013-09-01 02:16:49] EDIT s3_ass1/views/default/cment.html: 0
[2013-09-01 02:18:02] EDIT s3_ass1/views/default/homepage.html: 0
[2013-09-01 02:18:08] EDIT s3_ass1/views/default/choice.html: 0
[2013-09-01 02:18:09] EDIT s3_ass1/views/default/choice.html: 0
[2013-09-01 02:18:11] EDIT s3_ass1/views/default/accounts.html: 0
[2013-09-01 02:18:13] EDIT s3_ass1/views/default/cment.html: 0
[2013-09-01 02:18:15] EDIT s3_ass1/views/default/cment.html: 0
[2013-09-01 02:18:17] EDIT s3_ass1/controllers/default.py: 0
[2013-09-01 02:18:27] EDIT s3_ass1/models/db.py: 0
[2013-09-01 13:07:23] EDIT s3_ass1/views/default/viewpost.html: 0
[2013-09-01 13:08:05] EDIT s3_ass1/views/default/viewpost.html: 0
[2013-09-01 13:08:24] EDIT s3_ass1/views/default/viewpost.html: 0
[2013-09-01 13:08:40] EDIT s3_ass1/views/default/viewpost.html: 0
[2013-09-01 13:17:21] EDIT s3_ass1/views/default/viewpost.html: 0
[2013-09-01 13:25:57] EDIT s3_ass1/views/default/index.html: 19
[2013-09-01 13:26:52] EDIT s3_ass1/views/default/index.html: 1
[2013-09-01 13:27:13] EDIT s3_ass1/views/default/index.html: 0
[2013-09-01 13:27:18] EDIT s3_ass1/views/default/index.html: 0
[2013-09-01 13:27:45] EDIT s3_ass1/views/default/index.html: 0
[2013-09-01 13:30:27] EDIT s3_ass1/views/default/index.html: 0
[2013-09-01 13:31:07] EDIT s3_ass1/views/default/index.html: 0
[2013-09-01 13:31:08] EDIT s3_ass1/views/default/index.html: 0
[2013-09-01 13:31:11] EDIT s3_ass1/views/default/admincat.html: 0
[2013-09-01 13:31:18] EDIT s3_ass1/views/default/homepage.html: 0
[2013-09-01 13:33:34] EDIT s3_ass1/views/default/admincat.html: 0
[2013-09-01 13:33:41] EDIT s3_ass1/controllers/default.py: 0
[2013-09-01 13:33:44] EDIT s3_ass1/models/db.py: 0
[2013-09-01 14:01:41] EDIT s3_ass1/views/default/homepage.html: 0
[2013-09-01 14:04:46] EDIT s3_ass1/views/default/choice.html: 0
[2013-09-01 14:06:56] EDIT s3_ass1/controllers/default.py: 1
[2013-09-01 14:07:06] EDIT s3_ass1/controllers/default.py: -1
[2013-09-01 14:07:51] EDIT s3_ass1/views/default/choice.html: 0
[2013-09-01 14:08:08] EDIT s3_ass1/views/default/homepage.html: 0
[2013-09-01 14:08:37] EDIT s3_ass1/views/default/homepage.html: 0
[2013-09-01 14:08:39] EDIT s3_ass1/views/default/homepage.html: 0
[2013-09-01 14:10:49] EDIT s3_ass1/views/default/homepage.html: 0
[2013-09-01 14:11:49] EDIT s3_ass1/views/default/choice.html: 0
[2013-09-01 14:11:50] EDIT s3_ass1/views/default/choice.html: 0
[2013-09-01 14:12:29] EDIT s3_ass1/models/db.py: 0
[2013-09-01 14:12:32] EDIT s3_ass1/views/default/choice.html: 0
[2013-09-01 14:12:33] EDIT s3_ass1/views/default/homepage.html: 0
[2013-09-01 14:12:34] EDIT s3_ass1/controllers/default.py: 0
[2013-09-01 14:12:35] EDIT s3_ass1/models/db.py: 0
[2013-09-01 14:15:45] EDIT s3_ass1/views/default/admincat.html: 0
[2013-09-01 14:16:21] EDIT s3_ass1/views/default/admincat.html: 0
[2013-09-01 14:17:18] EDIT s3_ass1/views/default/admincat.html: 0
[2013-09-01 14:20:17] EDIT s3_ass1/controllers/default.py: 1
[2013-09-01 14:24:41] EDIT s3_ass1/views/default/choice.html: 0
[2013-09-01 14:24:45] EDIT s3_ass1/views/default/admincat.html: 0
[2013-09-01 14:30:46] EDIT s3_ass1/views/default/homepage.html: 0
[2013-09-01 14:31:50] EDIT s3_ass1/views/default/choice.html: 0
[2013-09-01 14:31:50] EDIT s3_ass1/views/default/choice.html: 0
[2013-09-01 14:32:04] EDIT s3_ass1/views/default/choice.html: 0
[2013-09-01 14:33:09] EDIT s3_ass1/controllers/default.py: 2
[2013-09-01 14:35:11] EDIT s3_ass1/views/default/homepage.html: 1
[2013-09-01 14:35:29] EDIT s3_ass1/controllers/default.py: -2
[2013-09-01 14:37:26] EDIT s3_ass1/controllers/default.py: 0
[2013-09-01 14:37:42] EDIT s3_ass1/controllers/default.py: 0
[2013-09-01 14:38:07] EDIT s3_ass1/views/default/homepage.html: 0
[2013-09-01 14:39:38] EDIT s3_ass1/views/default/choice.html: 1
[2013-09-01 14:43:42] DELETE s3_ass1/views/default/choice.html.1: -160
[2013-09-01 14:43:47] EDIT s3_ass1/views/default/choice.html: 0
[2013-09-01 14:44:02] EDIT s3_ass1/views/default/admincat.html: 1
[2013-09-01 14:44:18] EDIT s3_ass1/views/default/cment.html: 1
[2013-09-01 14:44:44] EDIT s3_ass1/views/default/userpost.html: 1
[2013-09-01 14:44:58] EDIT s3_ass1/views/default/usredtpst.html: 1
[2013-09-01 14:45:11] EDIT s3_ass1/views/default/viewpost.html: 1
[2013-09-01 14:47:05] EDIT s3_ass1/views/default/userpost.html: 0
[2013-09-01 14:50:55] EDIT s3_ass1/controllers/default.py: 2
[2013-09-01 14:53:59] EDIT s3_ass1/controllers/default.py: 3
[2013-09-01 14:54:06] EDIT s3_ass1/controllers/default.py: 0
[2013-09-01 14:55:31] EDIT s3_ass1/controllers/default.py: 2
[2013-09-01 14:55:55] EDIT s3_ass1/controllers/default.py: 0
[2013-09-01 15:13:35] EDIT s3_ass1/views/default/choice.html: 0
[2013-09-01 15:14:23] EDIT s3_ass1/views/default/choice.html: 0
[2013-09-01 15:29:54] EDIT s3_ass1/controllers/default.py: 0
[2013-09-01 15:31:59] EDIT s3_ass1/controllers/default.py: 0
[2013-09-01 15:40:04] EDIT s3_ass1/views/default/accounts.html: 1
[2013-09-01 15:40:05] EDIT s3_ass1/views/default/accounts.html: 0
[2013-09-01 15:40:05] EDIT s3_ass1/views/default/accounts.html: 0
[2013-09-01 15:40:05] EDIT s3_ass1/views/default/accounts.html: 0
[2013-09-01 15:40:05] EDIT s3_ass1/views/default/accounts.html: 0
[2013-09-01 15:40:05] EDIT s3_ass1/views/default/accounts.html: 0
[2013-09-01 15:40:05] EDIT s3_ass1/views/default/accounts.html: 0
[2013-09-01 15:40:05] EDIT s3_ass1/views/default/accounts.html: 0
[2013-09-01 15:40:06] EDIT s3_ass1/views/default/accounts.html: 0
[2013-09-01 15:44:00] EDIT s3_ass1/controllers/default.py: 1
[2013-09-01 15:45:29] EDIT s3_ass1/controllers/default.py: 0
[2013-09-01 15:45:35] EDIT s3_ass1/views/default/choice.html: 0
[2013-09-01 15:45:37] EDIT s3_ass1/views/default/choice.html: 0
[2013-09-01 15:45:37] EDIT s3_ass1/views/default/choice.html: 0
[2013-09-01 15:45:37] EDIT s3_ass1/views/default/choice.html: 0
[2013-09-01 15:45:38] EDIT s3_ass1/views/default/choice.html: 0
[2013-09-01 15:45:38] EDIT s3_ass1/views/default/choice.html: 0
[2013-09-01 15:45:38] EDIT s3_ass1/views/default/choice.html: 0
[2013-09-01 15:45:42] EDIT s3_ass1/views/default/homepage.html: 0
[2013-09-01 15:45:42] EDIT s3_ass1/views/default/homepage.html: 0
[2013-09-01 15:45:42] EDIT s3_ass1/views/default/homepage.html: 0
[2013-09-02 21:19:26] EDIT 201202126/models/db.py: 0
[2013-09-02 21:19:38] EDIT 201202126/views/default/homepage.html: 0
